#
# There is insufficient memory for the Java Runtime Environment to continue.
# Native memory allocation (mmap) failed to map 266338304 bytes. Error detail: G1 virtual space
# Possible reasons:
#   The system is out of physical RAM or swap space
#   This process is running with CompressedOops enabled, and the Java Heap may be blocking the growth of the native heap
# Possible solutions:
#   Reduce memory load on the system
#   Increase physical memory or swap space
#   Check if swap backing store is full
#   Decrease Java heap size (-Xmx/-Xms)
#   Decrease number of Java threads
#   Decrease Java thread stack sizes (-Xss)
#   Set larger code cache with -XX:ReservedCodeCacheSize=
#   JVM is running with Zero Based Compressed Oops mode in which the Java heap is
#     placed in the first 32GB address space. The Java Heap base address is the
#     maximum limit for the native heap growth. Please use -XX:HeapBaseMinAddress
#     to set the Java Heap base and to place the Java Heap above 32GB virtual address.
# This output file may be truncated or incomplete.
#
#  Out of Memory Error (os_windows.cpp:3898), pid=12912, tid=17744
#
# JRE version:  (21.0.6) (build )
# Java VM: OpenJDK 64-Bit Server VM (21.0.6+-13355223-b631.42, mixed mode, sharing, tiered, compressed oops, compressed class ptrs, g1 gc, windows-amd64)
# No core dump will be written. Minidumps are not enabled by default on client versions of Windows
#

---------------  S U M M A R Y ------------

Command Line: git4idea.http.GitAskPassApp Username for 'https://github.com': 

Host: 12th Gen Intel(R) Core(TM) i5-12400F, 12 cores, 15G,  Windows 10 , 64 bit Build 19041 (10.0.19041.3636)
Time: Thu May  1 20:43:08 2025 Russia TZ 7 Standard Time elapsed time: 0.250970 seconds (0d 0h 0m 0s)

---------------  T H R E A D  ---------------

Current thread (0x00000277ec42a560):  JavaThread "Unknown thread" [_thread_in_vm, id=17744, stack(0x000000bfd6b00000,0x000000bfd6c00000) (1024K)]

Stack: [0x000000bfd6b00000,0x000000bfd6c00000]
Native frames: (J=compiled Java code, j=interpreted, Vv=VM code, C=native code)
V  [jvm.dll+0x6d05a9]
V  [jvm.dll+0x85ea73]
V  [jvm.dll+0x860fce]
V  [jvm.dll+0x8616b3]
V  [jvm.dll+0x27e6e6]
V  [jvm.dll+0x6ccf45]
V  [jvm.dll+0x6c09fa]
V  [jvm.dll+0x35535b]
V  [jvm.dll+0x35cfb6]
V  [jvm.dll+0x3aef46]
V  [jvm.dll+0x3af218]
V  [jvm.dll+0x327a2c]
V  [jvm.dll+0x32871b]
V  [jvm.dll+0x8264b9]
V  [jvm.dll+0x3bc118]
V  [jvm.dll+0x80f768]
V  [jvm.dll+0x4502ce]
V  [jvm.dll+0x451a31]
C  [jli.dll+0x52ab]
C  [ucrtbase.dll+0x21bb2]
C  [KERNEL32.DLL+0x17344]
C  [ntdll.dll+0x4cc91]


---------------  P R O C E S S  ---------------

Threads class SMR info:
_java_thread_list=0x00007ff8729e1848, length=0, elements={
}

Java Threads: ( => current thread )
Total: 0

Other Threads:
  0x00000277ee7bec20 WorkerThread "GC Thread#0"                     [id=12952, stack(0x000000bfd6c00000,0x000000bfd6d00000) (1024K)]
  0x00000277ee7d0a50 ConcurrentGCThread "G1 Main Marker"            [id=12300, stack(0x000000bfd6d00000,0x000000bfd6e00000) (1024K)]
  0x00000277ee7d1550 WorkerThread "G1 Conc#0"                       [id=4244, stack(0x000000bfd6e00000,0x000000bfd6f00000) (1024K)]

[error occurred during error reporting (printing all threads), id 0xc0000005, EXCEPTION_ACCESS_VIOLATION (0xc0000005) at pc=0x00007ff8721daa67]
VM state: not at safepoint (not fully initialized)

VM Mutex/Monitor currently owned by a thread:  ([mutex/lock_event])
[0x00007ff872a4e4a0] Heap_lock - owner thread: 0x00000277ec42a560

Heap address: 0x0000000703400000, size: 4044 MB, Compressed Oops mode: Zero based, Oop shift amount: 3

CDS archive(s) mapped at: [0x0000000000000000-0x0000000000000000-0x0000000000000000), size 0, SharedBaseAddress: 0x0000000800000000, ArchiveRelocationMode: 1.
Narrow klass base: 0x0000000000000000, Narrow klass shift: 0, Narrow klass range: 0x0

GC Precious Log:
 CardTable entry size: 512
 Card Set container configuration: InlinePtr #cards 4 size 8 Array Of Cards #cards 16 size 48 Howl #buckets 8 coarsen threshold 3686 Howl Bitmap #cards 512 size 80 coarsen threshold 460 Card regions per heap region 1 cards per card region 4096

Heap:
 garbage-first heap   total 0K, used 0K [0x0000000703400000, 0x0000000800000000)
  region size 2048K, 0 young (0K), 0 survivors (0K)
 Metaspace       used 0K, committed 0K, reserved 0K
  class space    used 0K, committed 0K, reserved 0K

Heap Regions: E=young(eden), S=young(survivor), O=old, HS=humongous(starts), HC=humongous(continues), CS=collection set, F=free, TAMS=top-at-mark-start, PB=parsable bottom

Card table byte_map: [0x00000277f2600000,0x00000277f2df0000] _byte_map_base: 0x00000277eede6000

Marking Bits: (CMBitMap*) 0x00000277ee7bf330
 Bits: [0x00000277f2df0000, 0x00000277f6d20000)

GC Heap History (0 events):
No events

Dll operation events (1 events):
Event: 0.050 Loaded shared library G:\AS\jbr\bin\java.dll

Deoptimization events (0 events):
No events

Classes loaded (0 events):
No events

Classes unloaded (0 events):
No events

Classes redefined (0 events):
No events

Internal exceptions (0 events):
No events

ZGC Phase Switch (0 events):
No events

VM Operations (0 events):
No events

Memory protections (0 events):
No events

Nmethod flushes (0 events):
No events

Events (0 events):
No events


Dynamic libraries:
0x00007ff6e0520000 - 0x00007ff6e052a000 	G:\AS\jbr\bin\java.exe
0x00007ff92de10000 - 0x00007ff92e008000 	C:\Windows\SYSTEM32\ntdll.dll
0x00007ff92d4f0000 - 0x00007ff92d5ad000 	C:\Windows\System32\KERNEL32.DLL
0x00007ff92b770000 - 0x00007ff92ba66000 	C:\Windows\System32\KERNELBASE.dll
0x00007ff92b5d0000 - 0x00007ff92b6d0000 	C:\Windows\System32\ucrtbase.dll
0x00007ff925480000 - 0x00007ff92549b000 	G:\AS\jbr\bin\VCRUNTIME140.dll
0x00007ff90fff0000 - 0x00007ff910008000 	G:\AS\jbr\bin\jli.dll
0x00007ff92d9f0000 - 0x00007ff92db8f000 	C:\Windows\System32\USER32.dll
0x00007ff91f190000 - 0x00007ff91f42a000 	C:\Windows\WinSxS\amd64_microsoft.windows.common-controls_6595b64144ccf1df_6.0.19041.4355_none_60b8b9eb71f62e16\COMCTL32.dll
0x00007ff92b740000 - 0x00007ff92b762000 	C:\Windows\System32\win32u.dll
0x00007ff92dd40000 - 0x00007ff92dd6b000 	C:\Windows\System32\GDI32.dll
0x00007ff92bb60000 - 0x00007ff92bc77000 	C:\Windows\System32\gdi32full.dll
0x00007ff92bac0000 - 0x00007ff92bb5d000 	C:\Windows\System32\msvcp_win.dll
0x00007ff92c7a0000 - 0x00007ff92c83e000 	C:\Windows\System32\msvcrt.dll
0x00007ff92c300000 - 0x00007ff92c32f000 	C:\Windows\System32\IMM32.DLL
0x00007ff928560000 - 0x00007ff92856c000 	G:\AS\jbr\bin\vcruntime140_1.dll
0x00007ff873220000 - 0x00007ff8732ad000 	G:\AS\jbr\bin\msvcp140.dll
0x00007ff871ea0000 - 0x00007ff872b2b000 	G:\AS\jbr\bin\server\jvm.dll
0x00007ff92d790000 - 0x00007ff92d840000 	C:\Windows\System32\ADVAPI32.dll
0x00007ff92dd70000 - 0x00007ff92de10000 	C:\Windows\System32\sechost.dll
0x00007ff92d5b0000 - 0x00007ff92d6d3000 	C:\Windows\System32\RPCRT4.dll
0x00007ff92b5a0000 - 0x00007ff92b5c7000 	C:\Windows\System32\bcrypt.dll
0x00007ff92d410000 - 0x00007ff92d47b000 	C:\Windows\System32\WS2_32.dll
0x00007ff92b360000 - 0x00007ff92b3ab000 	C:\Windows\SYSTEM32\POWRPROF.dll
0x00007ff922f00000 - 0x00007ff922f27000 	C:\Windows\SYSTEM32\WINMM.dll
0x00007ff925bf0000 - 0x00007ff925bfa000 	C:\Windows\SYSTEM32\VERSION.dll
0x00007ff92b290000 - 0x00007ff92b2a2000 	C:\Windows\SYSTEM32\UMPDC.dll
0x00007ff9293d0000 - 0x00007ff9293e2000 	C:\Windows\SYSTEM32\kernel.appcore.dll
0x00007ff925470000 - 0x00007ff92547a000 	G:\AS\jbr\bin\jimage.dll
0x00007ff922370000 - 0x00007ff922554000 	C:\Windows\SYSTEM32\DBGHELP.DLL
0x00007ff90ca60000 - 0x00007ff90ca94000 	C:\Windows\SYSTEM32\dbgcore.DLL
0x00007ff92b510000 - 0x00007ff92b592000 	C:\Windows\System32\bcryptPrimitives.dll
0x00007ff9253f0000 - 0x00007ff925410000 	G:\AS\jbr\bin\java.dll

dbghelp: loaded successfully - version: 4.0.5 - missing functions: none
symbol engine: initialized successfully - sym options: 0x614 - pdb path: .;G:\AS\jbr\bin;C:\Windows\SYSTEM32;C:\Windows\WinSxS\amd64_microsoft.windows.common-controls_6595b64144ccf1df_6.0.19041.4355_none_60b8b9eb71f62e16;G:\AS\jbr\bin\server

VM Arguments:
java_command: git4idea.http.GitAskPassApp Username for 'https://github.com': 
java_class_path (initial): G:/AS/plugins/vcs-git/lib/git4idea-rt.jar;G:/AS/lib/externalProcess-rt.jar
Launcher Type: SUN_STANDARD

[Global flags]
     intx CICompilerCount                          = 4                                         {product} {ergonomic}
     uint ConcGCThreads                            = 3                                         {product} {ergonomic}
     uint G1ConcRefinementThreads                  = 10                                        {product} {ergonomic}
   size_t G1HeapRegionSize                         = 2097152                                   {product} {ergonomic}
    uintx GCDrainStackTargetSize                   = 64                                        {product} {ergonomic}
   size_t InitialHeapSize                          = 266338304                                 {product} {ergonomic}
   size_t MarkStackSize                            = 4194304                                   {product} {ergonomic}
   size_t MaxHeapSize                              = 4240441344                                {product} {ergonomic}
   size_t MinHeapDeltaBytes                        = 2097152                                   {product} {ergonomic}
   size_t MinHeapSize                              = 8388608                                   {product} {ergonomic}
    uintx NonNMethodCodeHeapSize                   = 5839372                                {pd product} {ergonomic}
    uintx NonProfiledCodeHeapSize                  = 122909434                              {pd product} {ergonomic}
    uintx ProfiledCodeHeapSize                     = 122909434                              {pd product} {ergonomic}
    uintx ReservedCodeCacheSize                    = 251658240                              {pd product} {ergonomic}
     bool SegmentedCodeCache                       = true                                      {product} {ergonomic}
   size_t SoftMaxHeapSize                          = 4240441344                             {manageable} {ergonomic}
     bool UseCompressedOops                        = true                           {product lp64_product} {ergonomic}
     bool UseG1GC                                  = true                                      {product} {ergonomic}
     bool UseLargePagesIndividualAllocation        = false                                  {pd product} {ergonomic}

Logging:
Log output configuration:
 #0: stdout all=warning uptime,level,tags foldmultilines=false
 #1: stderr all=off uptime,level,tags foldmultilines=false

Environment Variables:
PATH=C:\Program Files\Git\mingw64\libexec\git-core;C:\Program Files\Git\mingw64\libexec\git-core;C:\Program Files\Git\mingw64\bin;C:\Program Files\Git\usr\bin;C:\Users\Administrator\bin;C:\Program Files\Google\Chrome\Application;C:\Windows\system32;C:\Windows;C:\Windows\System32\Wbem;C:\Windows\System32\WindowsPowerShell\v1.0;C:\Program Files\NVIDIA Corporation\NVIDIA app\NvDLISR;C:\Program Files (x86)\NVIDIA Corporation\PhysX\Common;C:\Users\Administrator\AppData\Local\Microsoft\WindowsApps
USERNAME=Arsenal CyberCafe
DISPLAY=:0.0
LC_ALL=en_US.UTF-8
TERM=xterm-256color
TMPDIR=C:\Users\ADMINI~1\AppData\Local\Temp
OS=Windows_NT
PROCESSOR_IDENTIFIER=Intel64 Family 6 Model 151 Stepping 5, GenuineIntel
TMP=C:\Users\ADMINI~1\AppData\Local\Temp
TEMP=C:\Users\ADMINI~1\AppData\Local\Temp




Periodic native trim disabled

JNI global refs:
JNI global refs: 0, weak refs: 0

JNI global refs memory usage: 0, weak refs: 0

Process memory usage:
Resident Set Size: 10728K (0% of 16564208K total physical memory with 1000880K free physical memory)

OOME stack traces (most recent first):
Classloader memory used:

---------------  S Y S T E M  ---------------

OS:
 Windows 10 , 64 bit Build 19041 (10.0.19041.3636)
OS uptime: 0 days 6:30 hours

CPU: total 12 (initial active 12) (6 cores per cpu, 2 threads per core) family 6 model 151 stepping 5 microcode 0x1f, cx8, cmov, fxsr, ht, mmx, 3dnowpref, sse, sse2, sse3, ssse3, sse4.1, sse4.2, popcnt, lzcnt, tsc, tscinvbit, avx, avx2, aes, erms, clmul, bmi1, bmi2, adx, sha, fma, vzeroupper, clflush, clflushopt, clwb, serialize, rdtscp, rdpid, fsrm, f16c, pku, cet_ibt, cet_ss
Processor Information for the first 12 processors :
  Max Mhz: 2496, Current Mhz: 2496, Mhz Limit: 2496

Memory: 4k page, system-wide physical 16175M (977M free)
TotalPageFile size 23845M (AvailPageFile size 67M)
current process WorkingSet (physical memory assigned to process): 10M, peak: 10M
current process commit charge ("private bytes"): 64M, peak: 318M

vm_info: OpenJDK 64-Bit Server VM (21.0.6+-13355223-b631.42) for windows-amd64 JRE (21.0.6+-13355223-b631.42), built on 2025-04-14T18:21:23Z by "builder" with MS VC++ 16.10 / 16.11 (VS2019)

END.
